Arguments: 
  /usr/local/bin/node /Users/adammoore/.npm-packages/bin/yarn add styled-component

PATH: 
  /Users/adammoore/.npm-packages/lib/node_modules/npm/bin/node-gyp-bin:/Users/adammoore/Work/other/goonville/node_modules/.bin:/Users/adammoore/Work/google-cloud-sdk/bin:/Users/adammoore/.npm-packages/bin:/usr/local/bin:/usr/bin:/bin:/usr/sbin:/sbin:/Users/adammoore/.rvm/bin:/Users/adammoore/Work/omg/dev-cluster/scripts

Yarn version: 
  1.3.2

Node version: 
  8.9.4

Platform: 
  darwin x64

npm manifest: 
  {
    "name": "goonville",
    "version": "1.0.0",
    "description": "Goonville website",
    "author": "ampnetmedia",
    "license": "ISC",
    "scripts": {
      "start": "parcel public/js/admin.js"
    },
    "dependencies": {
      "gulp": "^3.8.0",
      "gulp-concat": "^2.2.0",
      "react": "^16.4.1",
      "react-dom": "^16.4.1"
    },
    "devDependencies": {
      "babel-preset-react": "^6.24.1",
      "gulp-sass": "^4.0.1",
      "parcel-bundler": "^1.0.1",
      "styled-components": "^3.3.3"
    }
  }

yarn manifest: 
  No manifest

Lockfile: 
  No lockfile

Trace: 
  Error: https://npm.omg.sh/styled-component: no such package available
      at Request.params.callback [as _callback] (/Users/adammoore/.npm-packages/lib/node_modules/yarn/lib/cli.js:62098:18)
      at Request.self.callback (/Users/adammoore/.npm-packages/lib/node_modules/yarn/lib/cli.js:123085:22)
      at emitTwo (events.js:126:13)
      at Request.emit (events.js:214:7)
      at Request.<anonymous> (/Users/adammoore/.npm-packages/lib/node_modules/yarn/lib/cli.js:124068:10)
      at emitOne (events.js:116:13)
      at Request.emit (events.js:211:7)
      at IncomingMessage.<anonymous> (/Users/adammoore/.npm-packages/lib/node_modules/yarn/lib/cli.js:123988:12)
      at Object.onceWrapper (events.js:313:30)
      at emitNone (events.js:111:20)
